0 info it worked if it ends with ok
1 verbose cli [ '/home/rayanthoney/.nvm/versions/node/v6.17.1/bin/node',
1 verbose cli   '/home/rayanthoney/.nvm/versions/node/v6.17.1/bin/npm',
1 verbose cli   'run',
1 verbose cli   'watch' ]
2 info using npm@3.10.10
3 info using node@v6.17.1
4 verbose run-script [ 'prewatch', 'watch', 'postwatch' ]
5 info lifecycle CodingPhase-StarterKit@1.0.0~prewatch: CodingPhase-StarterKit@1.0.0
6 silly lifecycle CodingPhase-StarterKit@1.0.0~prewatch: no script for prewatch, continuing
7 info lifecycle CodingPhase-StarterKit@1.0.0~watch: CodingPhase-StarterKit@1.0.0
8 verbose lifecycle CodingPhase-StarterKit@1.0.0~watch: unsafe-perm in lifecycle true
9 verbose lifecycle CodingPhase-StarterKit@1.0.0~watch: PATH: /home/rayanthoney/.nvm/versions/node/v6.17.1/lib/node_modules/npm/bin/node-gyp-bin:/home/rayanthoney/projects/CodingPhase-Labs/pokemon-game-lab/node_modules/.bin:/home/rayanthoney/.nvm/versions/node/v6.17.1/bin:/usr/local/sbin:/usr/local/bin:/usr/sbin:/usr/bin:/sbin:/bin:/usr/games:/usr/local/games:/usr/lib/wsl/lib:/mnt/c/Windows/system32:/mnt/c/Windows:/mnt/c/Windows/System32/Wbem:/mnt/c/Windows/System32/WindowsPowerShell/v1.0/:/mnt/c/Windows/System32/OpenSSH/:/mnt/c/Program Files (x86)/NVIDIA Corporation/PhysX/Common:/mnt/c/Program Files/NVIDIA Corporation/NVIDIA NvDLISR:/mnt/c/Program Files/Microsoft VS Code/bin:/mnt/c/Program Files/Common Files/Autodesk Shared/:/mnt/c/Program Files/Microsoft SQL Server/120/Tools/Binn/:/mnt/c/Program Files/dotnet/:/mnt/c/Program Files/Git/cmd:/mnt/c/Program Files/nodejs/:/mnt/c/Program Files/Docker/Docker/resources/bin:/mnt/c/ProgramData/DockerDesktop/version-bin:/mnt/c/Android:/mnt/c/Users/rmaxe/AppData/Local/Microsoft/WindowsApps:/mnt/c/Users/rmaxe/.dotnet/tools:/mnt/c/Users/rmaxe/AppData/Roaming/npm
10 verbose lifecycle CodingPhase-StarterKit@1.0.0~watch: CWD: /home/rayanthoney/projects/CodingPhase-Labs/pokemon-game-lab
11 silly lifecycle CodingPhase-StarterKit@1.0.0~watch: Args: [ '-c', 'gulp' ]
12 silly lifecycle CodingPhase-StarterKit@1.0.0~watch: Returned: code: 1  signal: null
13 info lifecycle CodingPhase-StarterKit@1.0.0~watch: Failed to exec watch script
14 verbose stack Error: CodingPhase-StarterKit@1.0.0 watch: `gulp`
14 verbose stack Exit status 1
14 verbose stack     at EventEmitter.<anonymous> (/home/rayanthoney/.nvm/versions/node/v6.17.1/lib/node_modules/npm/lib/utils/lifecycle.js:255:16)
14 verbose stack     at emitTwo (events.js:106:13)
14 verbose stack     at EventEmitter.emit (events.js:191:7)
14 verbose stack     at ChildProcess.<anonymous> (/home/rayanthoney/.nvm/versions/node/v6.17.1/lib/node_modules/npm/lib/utils/spawn.js:40:14)
14 verbose stack     at emitTwo (events.js:106:13)
14 verbose stack     at ChildProcess.emit (events.js:191:7)
14 verbose stack     at maybeClose (internal/child_process.js:920:16)
14 verbose stack     at Process.ChildProcess._handle.onexit (internal/child_process.js:230:5)
15 verbose pkgid CodingPhase-StarterKit@1.0.0
16 verbose cwd /home/rayanthoney/projects/CodingPhase-Labs/pokemon-game-lab
17 error Linux 5.10.16.3-microsoft-standard-WSL2
18 error argv "/home/rayanthoney/.nvm/versions/node/v6.17.1/bin/node" "/home/rayanthoney/.nvm/versions/node/v6.17.1/bin/npm" "run" "watch"
19 error node v6.17.1
20 error npm  v3.10.10
21 error code ELIFECYCLE
22 error CodingPhase-StarterKit@1.0.0 watch: `gulp`
22 error Exit status 1
23 error Failed at the CodingPhase-StarterKit@1.0.0 watch script 'gulp'.
23 error Make sure you have the latest version of node.js and npm installed.
23 error If you do, this is most likely a problem with the CodingPhase-StarterKit package,
23 error not with npm itself.
23 error Tell the author that this fails on your system:
23 error     gulp
23 error You can get information on how to open an issue for this project with:
23 error     npm bugs CodingPhase-StarterKit
23 error Or if that isn't available, you can get their info via:
23 error     npm owner ls CodingPhase-StarterKit
23 error There is likely additional logging output above.
24 verbose exit [ 1, true ]
